Using pre-set license
Built from '2020.3/staging' branch; Version is '2020.3.18f1 (a7d1c678663c) revision 10998214'; Using compiler version '192528614'; Build Type 'Release'
OS: 'Windows 10 Home; OS build 19043.1237; Version 2009; 64bit' Language: 'zh' Physical Memory: 24507 MB
BatchMode: 1, IsHumanControllingUs: 0, StartBugReporterOnCrash: 0, Is64bit: 1, IsPro: 0

COMMAND LINE ARGUMENTS:
C:\Program Files\Unity\Hub\Editor\2020.3.18f1\Editor\Unity.exe
-adb2
-batchMode
-noUpm
-name
AssetImportWorker0
-projectPath
C:/Users/User/Documents/GitHub/Unity_asia/Unity_asia
-logFile
Logs/AssetImportWorker0.log
-srvPort
55960
Successfully changed project path to: C:/Users/User/Documents/GitHub/Unity_asia/Unity_asia
C:/Users/User/Documents/GitHub/Unity_asia/Unity_asia
Using Asset Import Pipeline V2.
Refreshing native plugins compatible for Editor in 42.80 ms, found 3 plugins.
Preloading 0 native plugins for Editor in 0.00 ms.
Initialize engine version: 2020.3.18f1 (a7d1c678663c)
[Subsystems] Discovering subsystems at path C:/Program Files/Unity/Hub/Editor/2020.3.18f1/Editor/Data/Resources/UnitySubsystems
[Subsystems] Discovering subsystems at path C:/Users/User/Documents/GitHub/Unity_asia/Unity_asia/Assets
GfxDevice: creating device client; threaded=0
Direct3D:
    Version:  Direct3D 11.0 [level 11.1]
    Renderer: NVIDIA GeForce GTX 1660 (ID=0x2184)
    Vendor:   
    VRAM:     5991 MB
    Driver:   27.21.14.5671
Initialize mono
Mono path[0] = 'C:/Program Files/Unity/Hub/Editor/2020.3.18f1/Editor/Data/Managed'
Mono path[1] = 'C:/Program Files/Unity/Hub/Editor/2020.3.18f1/Editor/Data/MonoBleedingEdge/lib/mono/unityjit'
Mono config path = 'C:/Program Files/Unity/Hub/Editor/2020.3.18f1/Editor/Data/MonoBleedingEdge/etc'
Using monoOptions --debugger-agent=transport=dt_socket,embedding=1,server=y,suspend=n,address=127.0.0.1:56560
Begin MonoManager ReloadAssembly
Registering precompiled unity dll's ...
Register platform support module: C:/Program Files/Unity/Hub/Editor/2020.3.18f1/Editor/Data/PlaybackEngines/WebGLSupport/UnityEditor.WebGL.Extensions.dll
Register platform support module: C:/Program Files/Unity/Hub/Editor/2020.3.18f1/Editor/Data/PlaybackEngines/WindowsStandaloneSupport/UnityEditor.WindowsStandalone.Extensions.dll
Registered in 0.002349 seconds.
Native extension for WindowsStandalone target not found
Native extension for WebGL target not found
Refreshing native plugins compatible for Editor in 39.15 ms, found 3 plugins.
Preloading 0 native plugins for Editor in 0.00 ms.
Mono: successfully reloaded assembly
- Completed reload, in  1.826 seconds
Domain Reload Profiling:
	ReloadAssembly (1826ms)
		BeginReloadAssembly (51ms)
			ExecutionOrderSort (0ms)
			DisableScriptedObjects (0ms)
			BackupInstance (0ms)
			ReleaseScriptingObjects (0ms)
			CreateAndSetChildDomain (1ms)
		EndReloadAssembly (392ms)
			LoadAssemblies (49ms)
			RebuildTransferFunctionScriptingTraits (0ms)
			SetupTypeCache (143ms)
			ReleaseScriptCaches (0ms)
			RebuildScriptCaches (29ms)
			SetupLoadedEditorAssemblies (153ms)
				LogAssemblyErrors (0ms)
				InitializePlatformSupportModulesInManaged (5ms)
				SetLoadedEditorAssemblies (0ms)
				RefreshPlugins (39ms)
				BeforeProcessingInitializeOnLoad (8ms)
				ProcessInitializeOnLoadAttributes (74ms)
				ProcessInitializeOnLoadMethodAttributes (28ms)
				AfterProcessingInitializeOnLoad (0ms)
				EditorAssembliesLoaded (0ms)
			ExecutionOrderSort2 (0ms)
			AwakeInstancesAfterBackupRestoration (0ms)
Platform modules already initialized, skipping
Registering precompiled user dll's ...
Registered in 0.003098 seconds.
Begin MonoManager ReloadAssembly
Native extension for WindowsStandalone target not found
Native extension for WebGL target not found
Refreshing native plugins compatible for Editor in 39.09 ms, found 3 plugins.
Preloading 0 native plugins for Editor in 0.00 ms.
Mono: successfully reloaded assembly
- Completed reload, in  1.015 seconds
Domain Reload Profiling:
	ReloadAssembly (1015ms)
		BeginReloadAssembly (134ms)
			ExecutionOrderSort (0ms)
			DisableScriptedObjects (4ms)
			BackupInstance (0ms)
			ReleaseScriptingObjects (0ms)
			CreateAndSetChildDomain (17ms)
		EndReloadAssembly (822ms)
			LoadAssemblies (83ms)
			RebuildTransferFunctionScriptingTraits (0ms)
			SetupTypeCache (270ms)
			ReleaseScriptCaches (0ms)
			RebuildScriptCaches (44ms)
			SetupLoadedEditorAssemblies (307ms)
				LogAssemblyErrors (0ms)
				InitializePlatformSupportModulesInManaged (4ms)
				SetLoadedEditorAssemblies (0ms)
				RefreshPlugins (39ms)
				BeforeProcessingInitializeOnLoad (61ms)
				ProcessInitializeOnLoadAttributes (184ms)
				ProcessInitializeOnLoadMethodAttributes (11ms)
				AfterProcessingInitializeOnLoad (6ms)
				EditorAssembliesLoaded (0ms)
			ExecutionOrderSort2 (0ms)
			AwakeInstancesAfterBackupRestoration (6ms)
Platform modules already initialized, skipping
========================================================================
Worker process is ready to serve import requests
Launched and connected shader compiler UnityShaderCompiler.exe after 0.06 seconds
Refreshing native plugins compatible for Editor in 0.42 ms, found 3 plugins.
Preloading 0 native plugins for Editor in 0.00 ms.
Unloading 2090 Unused Serialized files (Serialized files now loaded: 0)
System memory in use before: 93.3 MB.
System memory in use after: 93.4 MB.

Unloading 26 unused Assets to reduce memory usage. Loaded Objects now: 2531.
Total: 3.051200 ms (FindLiveObjects: 0.176200 ms CreateObjectMapping: 0.072000 ms MarkObjects: 2.735300 ms  DeleteObjects: 0.066500 ms)

AssetImportParameters requested are different than current active one (requested -> active):
  custom:framework-win-MediaFoundation: 216162199b28c13a410421893ffa2e32 -> 
  custom:video-decoder-ogg-theora: a1e56fd34408186e4bbccfd4996cb3dc -> 
  custom:container-muxer-webm: aa71ff27fc2769a1b78a27578f13a17b -> 
  custom:container-demuxer-webm: 4f35f7cbe854078d1ac9338744f61a02 -> 
  custom:container-demuxer-ogg: 62fdf1f143b41e24485cea50d1cbac27 -> 
  custom:video-encoder-webm-vp8: eb34c28f22e8b96e1ab97ce403110664 -> 
  custom:video-decoder-webm-vp8: 9c59270c3fd7afecdb556c50c9e8de78 -> 
  custom:audio-decoder-ogg-vorbis: bf7c407c2cedff20999df2af8eb42d56 -> 
  custom:audio-encoder-webm-vorbis: bf7c407c2cedff20999df2af8eb42d56 -> 
========================================================================
Received Import Request.
  path: Assets/場景/遊戲場景.unity
  artifactKey: Guid(5c84b55290c731d4fad8c0151d3e1f63) Importer(815301076,1909f56bfc062723c751e8b465ee728b)
Start importing Assets/場景/遊戲場景.unity using Guid(5c84b55290c731d4fad8c0151d3e1f63) Importer(815301076,1909f56bfc062723c751e8b465ee728b)  -> (artifact id: '1e4ba976ea2557117b035937d51ab1ce') in 0.014430 seconds 
  Import took 0.017225 seconds .

========================================================================
Received Import Request.
  Time since last request: 136.010906 seconds.
  path: Assets/材質球/New Material.mat
  artifactKey: Guid(734710bef0743694785b3f89df430723) Importer(815301076,1909f56bfc062723c751e8b465ee728b)
Start importing Assets/材質球/New Material.mat using Guid(734710bef0743694785b3f89df430723) Importer(815301076,1909f56bfc062723c751e8b465ee728b)  -> (artifact id: 'f2312185c97b1c2eb34bc2a4b89eacf3') in 0.112176 seconds 
  Import took 0.115975 seconds .

========================================================================
Received Import Request.
  Time since last request: 0.003614 seconds.
  path: Assets/材質球/New Material.mat
  artifactKey: Guid(734710bef0743694785b3f89df430723) Importer(815301076,1909f56bfc062723c751e8b465ee728b)
Start importing Assets/材質球/New Material.mat using Guid(734710bef0743694785b3f89df430723) Importer(815301076,1909f56bfc062723c751e8b465ee728b)  -> (artifact id: 'f2312185c97b1c2eb34bc2a4b89eacf3') in 0.019704 seconds 
  Import took 0.022786 seconds .

========================================================================
Received Import Request.
  Time since last request: 31.607397 seconds.
  path: Assets/材質球/遊戲場景天空.mat
  artifactKey: Guid(734710bef0743694785b3f89df430723) Importer(815301076,1909f56bfc062723c751e8b465ee728b)
Start importing Assets/材質球/遊戲場景天空.mat using Guid(734710bef0743694785b3f89df430723) Importer(815301076,1909f56bfc062723c751e8b465ee728b)  -> (artifact id: '1ad90380ed2f67ac1e8d9c8c06a36658') in 0.015368 seconds 
  Import took 0.018664 seconds .

========================================================================
Received Import Request.
  Time since last request: 824.748230 seconds.
  path: Assets/圖片/方形.png
  artifactKey: Guid(7def0c6dc18901e40be32ff9c41a5c5c) Importer(815301076,1909f56bfc062723c751e8b465ee728b)
Start importing Assets/圖片/方形.png using Guid(7def0c6dc18901e40be32ff9c41a5c5c) Importer(815301076,1909f56bfc062723c751e8b465ee728b)  -> (artifact id: '504b2f4b8b258499efefcdb1d0e81e5c') in 0.060812 seconds 
  Import took 0.064540 seconds .

========================================================================
Received Import Request.
  Time since last request: 1386.398210 seconds.
  path: Assets/圖片/293632_down_triangle_icon.png
  artifactKey: Guid(576b31280fd4c324bb682514b8b319d4) Importer(815301076,1909f56bfc062723c751e8b465ee728b)
Start importing Assets/圖片/293632_down_triangle_icon.png using Guid(576b31280fd4c324bb682514b8b319d4) Importer(815301076,1909f56bfc062723c751e8b465ee728b)  -> (artifact id: '3569d76dd89f858d5d48e097b6c21d55') in 0.021452 seconds 
  Import took 0.025171 seconds .

========================================================================
Received Import Request.
  Time since last request: 0.001024 seconds.
  path: Assets/圖片/293632_down_triangle_icon.png
  artifactKey: Guid(576b31280fd4c324bb682514b8b319d4) Importer(815301076,1909f56bfc062723c751e8b465ee728b)
Start importing Assets/圖片/293632_down_triangle_icon.png using Guid(576b31280fd4c324bb682514b8b319d4) Importer(815301076,1909f56bfc062723c751e8b465ee728b)  -> (artifact id: '3569d76dd89f858d5d48e097b6c21d55') in 0.013658 seconds 
  Import took 0.017172 seconds .

========================================================================
Received Import Request.
  Time since last request: 17.739267 seconds.
  path: Assets/圖片/三角形.png
  artifactKey: Guid(576b31280fd4c324bb682514b8b319d4) Importer(815301076,1909f56bfc062723c751e8b465ee728b)
Start importing Assets/圖片/三角形.png using Guid(576b31280fd4c324bb682514b8b319d4) Importer(815301076,1909f56bfc062723c751e8b465ee728b)  -> (artifact id: '7e5efc311863cee72de7355718a2dd74') in 0.017724 seconds 
  Import took 0.021163 seconds .

========================================================================
Received Prepare
Registering precompiled user dll's ...
Registered in 0.057631 seconds.
Begin MonoManager ReloadAssembly
Native extension for WindowsStandalone target not found
Native extension for WebGL target not found
Refreshing native plugins compatible for Editor in 0.45 ms, found 3 plugins.
Preloading 0 native plugins for Editor in 0.00 ms.
Mono: successfully reloaded assembly
- Completed reload, in  1.072 seconds
Domain Reload Profiling:
	ReloadAssembly (1072ms)
		BeginReloadAssembly (133ms)
			ExecutionOrderSort (0ms)
			DisableScriptedObjects (7ms)
			BackupInstance (0ms)
			ReleaseScriptingObjects (0ms)
			CreateAndSetChildDomain (53ms)
		EndReloadAssembly (880ms)
			LoadAssemblies (88ms)
			RebuildTransferFunctionScriptingTraits (0ms)
			SetupTypeCache (287ms)
			ReleaseScriptCaches (1ms)
			RebuildScriptCaches (41ms)
			SetupLoadedEditorAssemblies (362ms)
				LogAssemblyErrors (0ms)
				InitializePlatformSupportModulesInManaged (6ms)
				SetLoadedEditorAssemblies (0ms)
				RefreshPlugins (1ms)
				BeforeProcessingInitializeOnLoad (57ms)
				ProcessInitializeOnLoadAttributes (287ms)
				ProcessInitializeOnLoadMethodAttributes (5ms)
				AfterProcessingInitializeOnLoad (6ms)
				EditorAssembliesLoaded (0ms)
			ExecutionOrderSort2 (0ms)
			AwakeInstancesAfterBackupRestoration (10ms)
Platform modules already initialized, skipping
Refreshing native plugins compatible for Editor in 0.43 ms, found 3 plugins.
Preloading 0 native plugins for Editor in 0.00 ms.
Unloading 2080 Unused Serialized files (Serialized files now loaded: 0)
System memory in use before: 96.0 MB.
System memory in use after: 96.1 MB.

Unloading 14 unused Assets to reduce memory usage. Loaded Objects now: 2578.
Total: 2.886300 ms (FindLiveObjects: 0.163000 ms CreateObjectMapping: 0.063600 ms MarkObjects: 2.644000 ms  DeleteObjects: 0.015100 ms)

AssetImportParameters requested are different than current active one (requested -> active):
  custom:framework-win-MediaFoundation: 216162199b28c13a410421893ffa2e32 -> 
  custom:video-decoder-ogg-theora: a1e56fd34408186e4bbccfd4996cb3dc -> 
  custom:container-muxer-webm: aa71ff27fc2769a1b78a27578f13a17b -> 
  custom:container-demuxer-webm: 4f35f7cbe854078d1ac9338744f61a02 -> 
  custom:container-demuxer-ogg: 62fdf1f143b41e24485cea50d1cbac27 -> 
  custom:video-encoder-webm-vp8: eb34c28f22e8b96e1ab97ce403110664 -> 
  custom:video-decoder-webm-vp8: 9c59270c3fd7afecdb556c50c9e8de78 -> 
  custom:audio-decoder-ogg-vorbis: bf7c407c2cedff20999df2af8eb42d56 -> 
  custom:audio-encoder-webm-vorbis: bf7c407c2cedff20999df2af8eb42d56 -> 
========================================================================
Received Import Request.
  Time since last request: 1451.541709 seconds.
  path: Assets/場景/遊戲場景.unity
  artifactKey: Guid(5c84b55290c731d4fad8c0151d3e1f63) Importer(815301076,1909f56bfc062723c751e8b465ee728b)
Start importing Assets/場景/遊戲場景.unity using Guid(5c84b55290c731d4fad8c0151d3e1f63) Importer(815301076,1909f56bfc062723c751e8b465ee728b)  -> (artifact id: 'c7d0b51651482593ce1db732032b75ed') in 0.017537 seconds 
  Import took 0.020915 seconds .

AssetImportWorkerClient::OnTransportError - code=2 error=End of file
